<?xml version="1.0" encoding="UTF-8"?>
<!-- Generated by org.testng.reporters.JUnitXMLReporter -->
<testsuite ignored="19" hostname="ritik-Latitude-3410" failures="3" tests="9" name="Test" time="927.095" errors="0" timestamp="2022-06-02T09:08:03 IST">
  <testcase classname="Mobile.TestLogin" name="selectCountry" time="17.706"/>
  <testcase classname="Mobile.TestLogin" name="loginAppcoa" time="54.306"/>
  <testcase classname="Mobile.TestLogin" name="addVehicle" time="39.739"/>
  <testcase classname="Mobile.TestLogin" name="startExtendStopSession" time="96.756">
    <failure type="java.lang.NullPointerException" message="Cannot invoke &amp;quot;String.trim()&amp;quot; because &amp;quot;in&amp;quot; is null">
      <![CDATA[java.lang.NullPointerException: Cannot invoke "String.trim()" because "in" is null
at java.base/jdk.internal.math.FloatingDecimal.readJavaFormatString(FloatingDecimal.java:1838)
at java.base/jdk.internal.math.FloatingDecimal.parseFloat(FloatingDecimal.java:122)
at java.base/java.lang.Float.parseFloat(Float.java:461)
at Mobile.Utils.SessionUtils.extendSession(SessionUtils.java:100)
at Mobile.TestLogin.startExtendStopSession(TestLogin.java:313)
at java.base/java.util.ArrayList.forEach(ArrayList.java:1511)
... Removed 27 stack frames]]>
    </failure>
  </testcase> <!-- startExtendStopSession -->
  <testcase classname="Mobile.TestLogin" name="deleteVehicle" time="32.648"/>
  <testcase classname="Mobile.TestLogin" name="BuyPass" time="98.317">
    <failure type="java.lang.AssertionError" message="The following asserts failed:
	expected [Payment Successful] but found [Payment failed]">
      <![CDATA[java.lang.AssertionError: The following asserts failed:
expected [Payment Successful] but found [Payment failed]
at Pages.Mobile.PageBuyPass.searchAreaAndBuyPass(PageBuyPass.java:259)
at Mobile.TestLogin.BuyPass(TestLogin.java:332)
at java.base/java.util.ArrayList.forEach(ArrayList.java:1511)
... Removed 29 stack frames]]>
    </failure>
  </testcase> <!-- BuyPass -->
  <testcase classname="Mobile.TestLogin" name="BuisnessProfileCreation" time="68.65">
    <failure type="org.openqa.selenium.TimeoutException" message="Expected condition failed: waiting for visibility of Located by By.chained({By.xpath: //android.widget.TextView[contains(@text,&amp;apos;Add a parking profile&amp;apos;) or contains(@text,&amp;apos;Add a Parking Profile&amp;apos;)]}) (tried for 30 second(s) with 500 milliseconds interval)">
      <![CDATA[org.openqa.selenium.TimeoutException: Expected condition failed: waiting for visibility of Located by By.chained({By.xpath: //android.widget.TextView[contains(@text,'Add a parking profile') or contains(@text,'Add a Parking Profile')]}) (tried for 30 second(s) with 500 milliseconds interval)
at org.openqa.selenium.support.ui.WebDriverWait.timeoutException(WebDriverWait.java:95)
at org.openqa.selenium.support.ui.FluentWait.until(FluentWait.java:272)
at CommonUtility.GenericMethods.explicitWaitForWebElementOnly(GenericMethods.java:150)
at Pages.Mobile.SessionCreationPage.AddBuisnessprofile(SessionCreationPage.java:1569)
at Mobile.TestLogin.BuisnessProfileCreation(TestLogin.java:479)
at java.base/java.util.ArrayList.forEach(ArrayList.java:1511)
Caused by: org.openqa.selenium.NoSuchElementException: Can't locate an element by this strategy: By.chained({By.xpath: //android.widget.TextView[contains(@text,'Add a parking profile') or contains(@text,'Add a Parking Profile')]})
at io.appium.java_client.pagefactory.AppiumElementLocator.findElement(AppiumElementLocator.java:126)
at io.appium.java_client.pagefactory.interceptors.InterceptorOfASingleElement.intercept(InterceptorOfASingleElement.java:59)
at io.appium.java_client.android.AndroidElement$$EnhancerByCGLIB$$b598166c.isDisplayed(<generated>)
at org.openqa.selenium.support.ui.ExpectedConditions.elementIfVisible(ExpectedConditions.java:314)
at org.openqa.selenium.support.ui.ExpectedConditions.access$000(ExpectedConditions.java:43)
at org.openqa.selenium.support.ui.ExpectedConditions$10.apply(ExpectedConditions.java:300)
at org.openqa.selenium.support.ui.ExpectedConditions$10.apply(ExpectedConditions.java:297)
at org.openqa.selenium.support.ui.FluentWait.until(FluentWait.java:249)
... 31 more
Caused by: org.openqa.selenium.TimeoutException: Expected condition failed: waiting for io.appium.java_client.pagefactory.AppiumElementLocator$WaitingFunction@30665461 (tried for 1 second(s) with 500 milliseconds interval)
at org.openqa.selenium.support.ui.FluentWait.timeoutException(FluentWait.java:304)
at org.openqa.selenium.support.ui.FluentWait.until(FluentWait.java:272)
at io.appium.java_client.pagefactory.AppiumElementLocator.waitFor(AppiumElementLocator.java:99)
at io.appium.java_client.pagefactory.AppiumElementLocator.findElement(AppiumElementLocator.java:119)
... 38 more
Caused by: org.openqa.selenium.NoSuchElementException: Cannot locate an element using By.chained({By.xpath: //android.widget.TextView[contains(@text,'Add a parking profile') or contains(@text,'Add a Parking Profile')]})
For documentation on this error, please visit: https://www.seleniumhq.org/exceptions/no_such_element.html
Build info: version: '3.141.59', revision: 'e82be7d358', time: '2018-11-14T08:17:03'
System info: host: 'ritik-Latitude-3410', ip: '127.0.1.1', os.name: 'Linux', os.arch: 'amd64', os.version: '5.11.0-49-generic', java.version: '15.0.2'
Driver info: driver.version: AndroidDriver
at io.appium.java_client.pagefactory.bys.builder.ByChained.findElement(ByChained.java:74)
at org.openqa.selenium.remote.RemoteWebDriver.findElement(RemoteWebDriver.java:315)
at io.appium.java_client.DefaultGenericMobileDriver.findElement(DefaultGenericMobileDriver.java:57)
at io.appium.java_client.AppiumDriver.findElement(AppiumDriver.java:1)
at io.appium.java_client.android.AndroidDriver.findElement(AndroidDriver.java:1)
at io.appium.java_client.pagefactory.bys.ContentMappedBy.findElement(ContentMappedBy.java:50)
at org.openqa.selenium.remote.RemoteWebDriver.findElement(RemoteWebDriver.java:315)
at io.appium.java_client.DefaultGenericMobileDriver.findElement(DefaultGenericMobileDriver.java:57)
at io.appium.java_client.AppiumDriver.findElement(AppiumDriver.java:1)
at io.appium.java_client.android.AndroidDriver.findElement(AndroidDriver.java:1)
at io.appium.java_client.pagefactory.AppiumElementLocator.lambda$0(AppiumElementLocator.java:120)
at io.appium.java_client.pagefactory.AppiumElementLocator$WaitingFunction.apply(AppiumElementLocator.java:172)
at io.appium.java_client.pagefactory.AppiumElementLocator$WaitingFunction.apply(AppiumElementLocator.java:1)
at org.openqa.selenium.support.ui.FluentWait.until(FluentWait.java:249)
... 40 more
... Removed 27 stack frames]]>
    </failure>
  </testcase> <!-- BuisnessProfileCreation -->
  <testcase classname="Mobile.TestLogin" name="EpmpStartButtonCheck" time="445.0"/>
  <testcase classname="Mobile.TestLogin" name="EVchargingButtonCheck" time="71.613"/>
  <testcase classname="Mobile.TestLogin" name="CheckActivevehicle" time="0.0">
    <ignored/>
  </testcase> <!-- CheckActivevehicle -->
  <testcase classname="Mobile.TestLogin" name="DiscountByQRScan" time="0.0">
    <ignored/>
  </testcase> <!-- DiscountByQRScan -->
  <testcase classname="Mobile.TestLogin" name="CheckSessionPriceinDK" time="0.0">
    <ignored/>
  </testcase> <!-- CheckSessionPriceinDK -->
  <testcase classname="Mobile.TestLogin" name="ChangingDefaultProfile" time="0.0">
    <ignored/>
  </testcase> <!-- ChangingDefaultProfile -->
  <testcase classname="Mobile.TestLogin" name="CheckReferralPromo" time="0.0">
    <ignored/>
  </testcase> <!-- CheckReferralPromo -->
  <testcase classname="Mobile.TestLogin" name="OperationalHrsFilterCheck" time="0.0">
    <ignored/>
  </testcase> <!-- OperationalHrsFilterCheck -->
  <testcase classname="Mobile.TestLogin" name="freeParkingCheck" time="0.0">
    <ignored/>
  </testcase> <!-- freeParkingCheck -->
  <testcase classname="Mobile.TestLogin" name="StartPostpay" time="0.0">
    <ignored/>
  </testcase> <!-- StartPostpay -->
  <testcase classname="Mobile.TestLogin" name="ProfileAutoSwitch" time="0.0">
    <ignored/>
  </testcase> <!-- ProfileAutoSwitch -->
  <testcase classname="Mobile.TestLogin" name="deepLink" time="0.0">
    <ignored/>
  </testcase> <!-- deepLink -->
  <testcase classname="Mobile.TestLogin" name="SessionAfterOperationalHrs" time="0.0">
    <ignored/>
  </testcase> <!-- SessionAfterOperationalHrs -->
  <testcase classname="Mobile.TestLogin" name="verifyInvoicePDF" time="0.0">
    <ignored/>
  </testcase> <!-- verifyInvoicePDF -->
  <testcase classname="Mobile.TestLogin" name="TimeBasedMaxRework" time="0.0">
    <ignored/>
  </testcase> <!-- TimeBasedMaxRework -->
  <testcase classname="Mobile.TestLogin" name="MaxHrsParkig" time="0.0">
    <ignored/>
  </testcase> <!-- MaxHrsParkig -->
  <testcase classname="Mobile.TestLogin" name="NoSessionWithoutPaymentMethod" time="0.0">
    <ignored/>
  </testcase> <!-- NoSessionWithoutPaymentMethod -->
  <testcase classname="Mobile.TestLogin" name="EditPersonalDetails" time="0.0">
    <ignored/>
  </testcase> <!-- EditPersonalDetails -->
  <testcase classname="Mobile.TestLogin" name="StopPostpay" time="0.0">
    <ignored/>
  </testcase> <!-- StopPostpay -->
  <testcase classname="Mobile.TestLogin" name="TarrifAfterFreeParkingHrsInExtendSession" time="0.0">
    <ignored/>
  </testcase> <!-- TarrifAfterFreeParkingHrsInExtendSession -->
  <testcase classname="Mobile.TestLogin" name="CorporateProfileCreation" time="0.0">
    <ignored/>
  </testcase> <!-- CorporateProfileCreation -->
</testsuite> <!-- Test -->
