<?xml version="1.0" encoding="UTF-8"?>
<!-- Generated by org.testng.reporters.JUnitXMLReporter -->
<testsuite ignored="0" hostname="ritik-Latitude-3410" failures="0" tests="24" name="Default test" time="0.424" errors="0" timestamp="2022-04-26T20:16:48 IST">
  <testcase classname="Mobile.TestLogin" name="@BeforeSuite initializeDriver" time="-1.650984407566E9">
    <failure type="org.testng.TestNGException" message="
Parameter &amp;apos;Environment&amp;apos; is required by BeforeSuite on method initializeDriver but has not been marked @Optional or defined
in /tmp/testng-eclipse-1466219210/testng-customsuite.xml">
      <![CDATA[org.testng.TestNGException: 
Parameter 'Environment' is required by BeforeSuite on method initializeDriver but has not been marked @Optional or defined
in /tmp/testng-eclipse-1466219210/testng-customsuite.xml
at org.testng.internal.Parameters.createParams(Parameters.java:270)
at org.testng.internal.Parameters.createParametersForMethod(Parameters.java:358)
at org.testng.internal.Parameters.createParameters(Parameters.java:700)
at org.testng.internal.Parameters.createConfigurationParameters(Parameters.java:168)
at org.testng.internal.ConfigInvoker.invokeConfigurations(ConfigInvoker.java:302)
at org.testng.SuiteRunner.privateRun(SuiteRunner.java:317)
at org.testng.SuiteRunner.run(SuiteRunner.java:276)
at org.testng.SuiteRunnerWorker.runSuite(SuiteRunnerWorker.java:53)
at org.testng.SuiteRunnerWorker.run(SuiteRunnerWorker.java:96)
at org.testng.TestNG.runSuitesSequentially(TestNG.java:1212)
at org.testng.TestNG.runSuitesLocally(TestNG.java:1134)
at org.testng.TestNG.runSuites(TestNG.java:1063)
at org.testng.TestNG.run(TestNG.java:1031)
at org.testng.remote.AbstractRemoteTestNG.run(AbstractRemoteTestNG.java:115)
at org.testng.remote.RemoteTestNG.initAndRun(RemoteTestNG.java:251)
at org.testng.remote.RemoteTestNG.main(RemoteTestNG.java:77)
]]>
    </failure>
  </testcase> <!-- @BeforeSuite initializeDriver -->
  <testcase classname="Mobile.TestLogin" name="@BeforeMethod initializeAssertions" time="-1.650984407598E9">
    <skipped/>
  </testcase> <!-- @BeforeMethod initializeAssertions -->
  <testcase classname="Mobile.TestLogin" name="@AfterMethod AssertAll" time="-1.650984407606E9">
    <skipped/>
  </testcase> <!-- @AfterMethod AssertAll -->
  <testcase classname="Mobile.TestLogin" name="@BeforeMethod initializeAssertions" time="-1.650984407951E9">
    <skipped/>
  </testcase> <!-- @BeforeMethod initializeAssertions -->
  <testcase classname="Mobile.TestLogin" name="@AfterMethod AssertAll" time="-1.650984407954E9">
    <skipped/>
  </testcase> <!-- @AfterMethod AssertAll -->
  <testcase classname="Mobile.TestLogin" name="@BeforeMethod initializeAssertions" time="-1.650984407961E9">
    <skipped/>
  </testcase> <!-- @BeforeMethod initializeAssertions -->
  <testcase classname="Mobile.TestLogin" name="@AfterMethod AssertAll" time="-1.650984407963E9">
    <skipped/>
  </testcase> <!-- @AfterMethod AssertAll -->
  <testcase classname="Mobile.TestLogin" name="@BeforeMethod initializeAssertions" time="-1.650984407965E9">
    <skipped/>
  </testcase> <!-- @BeforeMethod initializeAssertions -->
  <testcase classname="Mobile.TestLogin" name="@AfterMethod AssertAll" time="-1.650984407969E9">
    <skipped/>
  </testcase> <!-- @AfterMethod AssertAll -->
  <testcase classname="Mobile.TestLogin" name="@BeforeMethod initializeAssertions" time="-1.65098440797E9">
    <skipped/>
  </testcase> <!-- @BeforeMethod initializeAssertions -->
  <testcase classname="Mobile.TestLogin" name="@AfterMethod AssertAll" time="-1.650984407972E9">
    <skipped/>
  </testcase> <!-- @AfterMethod AssertAll -->
  <testcase classname="Mobile.TestLogin" name="@BeforeMethod initializeAssertions" time="-1.650984407976E9">
    <skipped/>
  </testcase> <!-- @BeforeMethod initializeAssertions -->
  <testcase classname="Mobile.TestLogin" name="@AfterMethod AssertAll" time="-1.650984407978E9">
    <skipped/>
  </testcase> <!-- @AfterMethod AssertAll -->
  <testcase classname="Mobile.TestLogin" name="@BeforeMethod initializeAssertions" time="-1.650984407978E9">
    <skipped/>
  </testcase> <!-- @BeforeMethod initializeAssertions -->
  <testcase classname="Mobile.TestLogin" name="@AfterMethod AssertAll" time="-1.65098440798E9">
    <skipped/>
  </testcase> <!-- @AfterMethod AssertAll -->
  <testcase classname="Mobile.TestLogin" name="@BeforeMethod initializeAssertions" time="-1.650984407981E9">
    <skipped/>
  </testcase> <!-- @BeforeMethod initializeAssertions -->
  <testcase classname="Mobile.TestLogin" name="@AfterMethod AssertAll" time="-1.650984407984E9">
    <skipped/>
  </testcase> <!-- @AfterMethod AssertAll -->
  <testcase classname="Mobile.TestLogin" name="@BeforeMethod initializeAssertions" time="-1.65098440799E9">
    <skipped/>
  </testcase> <!-- @BeforeMethod initializeAssertions -->
  <testcase classname="Mobile.TestLogin" name="@AfterMethod AssertAll" time="-1.650984407991E9">
    <skipped/>
  </testcase> <!-- @AfterMethod AssertAll -->
  <testcase classname="Mobile.TestLogin" name="@BeforeMethod initializeAssertions" time="-1.650984407992E9">
    <skipped/>
  </testcase> <!-- @BeforeMethod initializeAssertions -->
  <testcase classname="Mobile.TestLogin" name="@AfterMethod AssertAll" time="-1.650984407994E9">
    <skipped/>
  </testcase> <!-- @AfterMethod AssertAll -->
  <testcase classname="Mobile.TestLogin" name="@BeforeMethod initializeAssertions" time="-1.650984407995E9">
    <skipped/>
  </testcase> <!-- @BeforeMethod initializeAssertions -->
  <testcase classname="Mobile.TestLogin" name="@AfterMethod AssertAll" time="-1.650984407997E9">
    <skipped/>
  </testcase> <!-- @AfterMethod AssertAll -->
  <testcase classname="Mobile.TestLogin" name="@BeforeMethod initializeAssertions" time="-1.650984407998E9">
    <skipped/>
  </testcase> <!-- @BeforeMethod initializeAssertions -->
  <testcase classname="Mobile.TestLogin" name="@AfterMethod AssertAll" time="-1.650984408E9">
    <skipped/>
  </testcase> <!-- @AfterMethod AssertAll -->
  <testcase classname="Mobile.TestLogin" name="selectCountry" time="0.0">
    <skipped/>
  </testcase> <!-- selectCountry -->
  <testcase classname="Mobile.TestLogin" name="loginAppcoa" time="0.0">
    <skipped/>
  </testcase> <!-- loginAppcoa -->
  <testcase classname="Mobile.TestLogin" name="addVehicle" time="0.0">
    <skipped/>
  </testcase> <!-- addVehicle -->
  <testcase classname="Mobile.TestLogin" name="OperationalHrsFilterCheck" time="0.0">
    <skipped/>
  </testcase> <!-- OperationalHrsFilterCheck -->
  <testcase classname="Mobile.TestLogin" name="deepLink" time="0.0">
    <skipped/>
  </testcase> <!-- deepLink -->
  <testcase classname="Mobile.TestLogin" name="startExtendStopSession" time="0.0">
    <skipped/>
  </testcase> <!-- startExtendStopSession -->
  <testcase classname="Mobile.TestLogin" name="deleteVehicle" time="0.0">
    <skipped/>
  </testcase> <!-- deleteVehicle -->
  <testcase classname="Mobile.TestLogin" name="BuyPass" time="0.0">
    <skipped/>
  </testcase> <!-- BuyPass -->
  <testcase classname="Mobile.TestLogin" name="BuisnessProfileCreation" time="0.0">
    <skipped/>
  </testcase> <!-- BuisnessProfileCreation -->
  <testcase classname="Mobile.TestLogin" name="CorporateProfileCreation" time="0.0">
    <skipped/>
  </testcase> <!-- CorporateProfileCreation -->
  <testcase classname="Mobile.TestLogin" name="freeParkingCheck" time="0.0">
    <skipped/>
  </testcase> <!-- freeParkingCheck -->
  <testcase classname="Mobile.TestLogin" name="ChangingDefaultProfile" time="0.0">
    <skipped/>
  </testcase> <!-- ChangingDefaultProfile -->
  <testcase classname="Mobile.TestLogin" name="verifyInvoicePDF" time="0.0">
    <skipped/>
  </testcase> <!-- verifyInvoicePDF -->
  <testcase classname="Mobile.TestLogin" name="CheckActivevehicle" time="0.0">
    <skipped/>
  </testcase> <!-- CheckActivevehicle -->
  <testcase classname="Mobile.TestLogin" name="TarrifAfterFreeParkingHrsInExtendSession" time="0.0">
    <skipped/>
  </testcase> <!-- TarrifAfterFreeParkingHrsInExtendSession -->
  <testcase classname="Mobile.TestLogin" name="EpmpStartButtonCheck" time="0.0">
    <skipped/>
  </testcase> <!-- EpmpStartButtonCheck -->
  <testcase classname="Mobile.TestLogin" name="NoSessionWithoutPaymentMethod" time="0.0">
    <skipped/>
  </testcase> <!-- NoSessionWithoutPaymentMethod -->
  <testcase classname="Mobile.TestLogin" name="ProfileAutoSwitch" time="0.0">
    <skipped/>
  </testcase> <!-- ProfileAutoSwitch -->
  <testcase classname="Mobile.TestLogin" name="SessionAfterOperationalHrs" time="0.0">
    <skipped/>
  </testcase> <!-- SessionAfterOperationalHrs -->
  <testcase classname="Mobile.TestLogin" name="StartPostpay" time="0.0">
    <skipped/>
  </testcase> <!-- StartPostpay -->
  <testcase classname="Mobile.TestLogin" name="DiscountByQRScan" time="0.0">
    <skipped/>
  </testcase> <!-- DiscountByQRScan -->
  <testcase classname="Mobile.TestLogin" name="StopPostpay" time="0.0">
    <skipped/>
  </testcase> <!-- StopPostpay -->
  <testcase classname="Mobile.TestLogin" name="EditPersonalDetails" time="0.0">
    <skipped/>
  </testcase> <!-- EditPersonalDetails -->
  <testcase classname="Mobile.TestLogin" name="EVchargingButtonCheck" time="0.0">
    <skipped/>
  </testcase> <!-- EVchargingButtonCheck -->
</testsuite> <!-- Default test -->
